0 info it worked if it ends with ok
1 verbose cli [ '/usr/local/bin/node',
1 verbose cli   '/usr/local/bin/npm',
1 verbose cli   'run-script',
1 verbose cli   'start' ]
2 info using npm@1.3.24
3 info using node@v0.10.25
4 verbose run-script [ 'prestart', 'start', 'poststart' ]
5 info prestart webmobile_demo@1.0.0
6 verbose unsafe-perm in lifecycle true
7 info start webmobile_demo@1.0.0
8 verbose unsafe-perm in lifecycle true
9 info webmobile_demo@1.0.0 Failed to exec start script
10 error webmobile_demo@1.0.0 start: `http-server -a 0.0.0.0 -p 8000 -c-1 ./app`
10 error Exit status 8
11 error Failed at the webmobile_demo@1.0.0 start script.
11 error This is most likely a problem with the webmobile_demo package,
11 error not with npm itself.
11 error Tell the author that this fails on your system:
11 error     http-server -a 0.0.0.0 -p 8000 -c-1 ./app
11 error You can get their info via:
11 error     npm owner ls webmobile_demo
11 error There is likely additional logging output above.
12 error System Linux 3.16.0-30-generic
13 error command "/usr/local/bin/node" "/usr/local/bin/npm" "run-script" "start"
14 error cwd /home/likewise-open/FRAMGIA/trieu.duc.phuong/AngularJS/webmobile_demo
15 error node -v v0.10.25
16 error npm -v 1.3.24
17 error code ELIFECYCLE
18 verbose exit [ 1, true ]
